[debug] [2023-06-09T16:36:25.401Z] ----------------------------------------------------------------------
[debug] [2023-06-09T16:36:25.403Z] Command:       D:\Nodejs\node.exe C:\Users\pepa_\AppData\Roaming\npm\node_modules\firebase-tools\lib\bin\firebase.js deploy
[debug] [2023-06-09T16:36:25.404Z] CLI Version:   11.8.0
[debug] [2023-06-09T16:36:25.404Z] Platform:      win32
[debug] [2023-06-09T16:36:25.404Z] Node Version:  v16.14.0
[debug] [2023-06-09T16:36:25.406Z] Time:          Fri Jun 09 2023 13:36:25 GMT-0300 (hora estándar de Argentina)
[debug] [2023-06-09T16:36:25.407Z] ----------------------------------------------------------------------
[debug] 
[debug] [2023-06-09T16:36:25.412Z] >>> [apiv2][query] GET https://firebase-public.firebaseio.com/cli.json [none]
[debug] [2023-06-09T16:36:25.522Z] > command requires scopes: ["email","openid","https://www.googleapis.com/auth/cloudplatformprojects.readonly","https://www.googleapis.com/auth/firebase","https://www.googleapis.com/auth/cloud-platform"]
[debug] [2023-06-09T16:36:25.523Z] > authorizing via signed-in user (vcristian528@gmail.com)
[debug] [2023-06-09T16:36:25.523Z] [iam] checking project frontendprueba0912 for permissions ["firebase.projects.get","firebasehosting.sites.update"]
[debug] [2023-06-09T16:36:25.526Z] > refreshing access token with scopes: []
[debug] [2023-06-09T16:36:25.529Z] >>> [apiv2][query] POST https://www.googleapis.com/oauth2/v3/token [none]
[debug] [2023-06-09T16:36:25.529Z] >>> [apiv2][body] POST https://www.googleapis.com/oauth2/v3/token [omitted]
[debug] [2023-06-09T16:36:26.168Z] <<< [apiv2][status] GET https://firebase-public.firebaseio.com/cli.json 200
[debug] [2023-06-09T16:36:26.169Z] <<< [apiv2][body] GET https://firebase-public.firebaseio.com/cli.json {"cloudBuildErrorAfter":1594252800000,"cloudBuildWarnAfter":1590019200000,"defaultNode10After":1594252800000,"minVersion":"3.0.5","node8DeploysDisabledAfter":1613390400000,"node8RuntimeDisabledAfter":1615809600000,"node8WarnAfter":1600128000000}
[debug] [2023-06-09T16:36:26.210Z] <<< [apiv2][status] POST https://www.googleapis.com/oauth2/v3/token 400
[debug] [2023-06-09T16:36:26.211Z] <<< [apiv2][body] POST https://www.googleapis.com/oauth2/v3/token [omitted]
[debug] [2023-06-09T16:36:26.212Z] >>> [apiv2][query] POST https://cloudresourcemanager.googleapis.com/v1/projects/frontendprueba0912:testIamPermissions [none]
[debug] [2023-06-09T16:36:26.212Z] >>> [apiv2][(partial)header] POST https://cloudresourcemanager.googleapis.com/v1/projects/frontendprueba0912:testIamPermissions x-goog-quota-user=projects/frontendprueba0912
[debug] [2023-06-09T16:36:26.212Z] >>> [apiv2][body] POST https://cloudresourcemanager.googleapis.com/v1/projects/frontendprueba0912:testIamPermissions {"permissions":["firebase.projects.get","firebasehosting.sites.update"]}
[debug] [2023-06-09T16:36:27.299Z] <<< [apiv2][status] POST https://cloudresourcemanager.googleapis.com/v1/projects/frontendprueba0912:testIamPermissions 401
[debug] [2023-06-09T16:36:27.299Z] <<< [apiv2][body] POST https://cloudresourcemanager.googleapis.com/v1/projects/frontendprueba0912:testIamPermissions {"error":{"code":401,"message":"Request had invalid authentication credentials. Expected OAuth 2 access token, login cookie or other valid authentication credential. See https://developers.google.com/identity/sign-in/web/devconsole-project.","status":"UNAUTHENTICATED","details":[{"@type":"type.googleapis.com/google.rpc.ErrorInfo","reason":"ACCESS_TOKEN_TYPE_UNSUPPORTED","metadata":{"service":"cloudresourcemanager.googleapis.com","method":"google.cloudresourcemanager.v1.Projects.TestIamPermissions"}}]}}
[debug] [2023-06-09T16:36:27.303Z] [iam] error while checking permissions, command may fail: FirebaseError: HTTP Error: 401, Request had invalid authentication credentials. Expected OAuth 2 access token, login cookie or other valid authentication credential. See https://developers.google.com/identity/sign-in/web/devconsole-project.
[debug] [2023-06-09T16:36:27.305Z] > refreshing access token with scopes: []
[debug] [2023-06-09T16:36:27.306Z] >>> [apiv2][query] POST https://www.googleapis.com/oauth2/v3/token [none]
[debug] [2023-06-09T16:36:27.306Z] >>> [apiv2][body] POST https://www.googleapis.com/oauth2/v3/token [omitted]
[debug] [2023-06-09T16:36:27.624Z] <<< [apiv2][status] POST https://www.googleapis.com/oauth2/v3/token 400
[debug] [2023-06-09T16:36:27.624Z] <<< [apiv2][body] POST https://www.googleapis.com/oauth2/v3/token [omitted]
[debug] [2023-06-09T16:36:27.626Z] >>> [apiv2][query] GET https://firebase.googleapis.com/v1beta1/projects/frontendprueba0912 [none]
[debug] [2023-06-09T16:36:27.951Z] <<< [apiv2][status] GET https://firebase.googleapis.com/v1beta1/projects/frontendprueba0912 401
[debug] [2023-06-09T16:36:27.951Z] <<< [apiv2][body] GET https://firebase.googleapis.com/v1beta1/projects/frontendprueba0912 {"error":{"code":401,"message":"Request had invalid authentication credentials. Expected OAuth 2 access token, login cookie or other valid authentication credential. See https://developers.google.com/identity/sign-in/web/devconsole-project.","status":"UNAUTHENTICATED"}}
[debug] [2023-06-09T16:36:27.952Z] HTTP Error: 401, Request had invalid authentication credentials. Expected OAuth 2 access token, login cookie or other valid authentication credential. See https://developers.google.com/identity/sign-in/web/devconsole-project.
[debug] [2023-06-09T16:36:27.956Z] FirebaseError: HTTP Error: 401, Request had invalid authentication credentials. Expected OAuth 2 access token, login cookie or other valid authentication credential. See https://developers.google.com/identity/sign-in/web/devconsole-project.
    at responseToError (C:\Users\pepa_\AppData\Roaming\npm\node_modules\firebase-tools\lib\responseToError.js:49:12)
    at RetryOperation._fn (C:\Users\pepa_\AppData\Roaming\npm\node_modules\firebase-tools\lib\apiv2.js:288:77)
    at processTicksAndRejections (node:internal/process/task_queues:96:5)
[error] 
[error] Error: Failed to get Firebase project frontendprueba0912. Please make sure the project exists and your account has permission to access it.
[debug] [2023-06-09T16:37:39.425Z] ----------------------------------------------------------------------
[debug] [2023-06-09T16:37:39.427Z] Command:       D:\Nodejs\node.exe C:\Users\pepa_\AppData\Roaming\npm\node_modules\firebase-tools\lib\bin\firebase.js deploy
[debug] [2023-06-09T16:37:39.428Z] CLI Version:   11.8.0
[debug] [2023-06-09T16:37:39.428Z] Platform:      win32
[debug] [2023-06-09T16:37:39.428Z] Node Version:  v16.14.0
[debug] [2023-06-09T16:37:39.430Z] Time:          Fri Jun 09 2023 13:37:39 GMT-0300 (hora estándar de Argentina)
[debug] [2023-06-09T16:37:39.430Z] ----------------------------------------------------------------------
[debug] 
[debug] [2023-06-09T16:37:39.507Z] > command requires scopes: ["email","openid","https://www.googleapis.com/auth/cloudplatformprojects.readonly","https://www.googleapis.com/auth/firebase","https://www.googleapis.com/auth/cloud-platform"]
[debug] [2023-06-09T16:37:39.507Z] > authorizing via signed-in user (vcristian528@gmail.com)
[debug] [2023-06-09T16:37:39.508Z] [iam] checking project frontendprueba0912 for permissions ["firebase.projects.get","firebasehosting.sites.update"]
[debug] [2023-06-09T16:37:39.510Z] > refreshing access token with scopes: []
[debug] [2023-06-09T16:37:39.513Z] >>> [apiv2][query] POST https://www.googleapis.com/oauth2/v3/token [none]
[debug] [2023-06-09T16:37:39.513Z] >>> [apiv2][body] POST https://www.googleapis.com/oauth2/v3/token [omitted]
[debug] [2023-06-09T16:37:39.783Z] <<< [apiv2][status] POST https://www.googleapis.com/oauth2/v3/token 400
[debug] [2023-06-09T16:37:39.783Z] <<< [apiv2][body] POST https://www.googleapis.com/oauth2/v3/token [omitted]
[debug] [2023-06-09T16:37:39.783Z] >>> [apiv2][query] POST https://cloudresourcemanager.googleapis.com/v1/projects/frontendprueba0912:testIamPermissions [none]
[debug] [2023-06-09T16:37:39.783Z] >>> [apiv2][(partial)header] POST https://cloudresourcemanager.googleapis.com/v1/projects/frontendprueba0912:testIamPermissions x-goog-quota-user=projects/frontendprueba0912
[debug] [2023-06-09T16:37:39.783Z] >>> [apiv2][body] POST https://cloudresourcemanager.googleapis.com/v1/projects/frontendprueba0912:testIamPermissions {"permissions":["firebase.projects.get","firebasehosting.sites.update"]}
[debug] [2023-06-09T16:37:40.803Z] <<< [apiv2][status] POST https://cloudresourcemanager.googleapis.com/v1/projects/frontendprueba0912:testIamPermissions 401
[debug] [2023-06-09T16:37:40.803Z] <<< [apiv2][body] POST https://cloudresourcemanager.googleapis.com/v1/projects/frontendprueba0912:testIamPermissions {"error":{"code":401,"message":"Request had invalid authentication credentials. Expected OAuth 2 access token, login cookie or other valid authentication credential. See https://developers.google.com/identity/sign-in/web/devconsole-project.","status":"UNAUTHENTICATED","details":[{"@type":"type.googleapis.com/google.rpc.ErrorInfo","reason":"ACCESS_TOKEN_TYPE_UNSUPPORTED","metadata":{"method":"google.cloudresourcemanager.v1.Projects.TestIamPermissions","service":"cloudresourcemanager.googleapis.com"}}]}}
[debug] [2023-06-09T16:37:40.805Z] [iam] error while checking permissions, command may fail: FirebaseError: HTTP Error: 401, Request had invalid authentication credentials. Expected OAuth 2 access token, login cookie or other valid authentication credential. See https://developers.google.com/identity/sign-in/web/devconsole-project.
[debug] [2023-06-09T16:37:40.805Z] > refreshing access token with scopes: []
[debug] [2023-06-09T16:37:40.806Z] >>> [apiv2][query] POST https://www.googleapis.com/oauth2/v3/token [none]
[debug] [2023-06-09T16:37:40.806Z] >>> [apiv2][body] POST https://www.googleapis.com/oauth2/v3/token [omitted]
[debug] [2023-06-09T16:37:41.369Z] <<< [apiv2][status] POST https://www.googleapis.com/oauth2/v3/token 400
[debug] [2023-06-09T16:37:41.369Z] <<< [apiv2][body] POST https://www.googleapis.com/oauth2/v3/token [omitted]
[debug] [2023-06-09T16:37:41.370Z] >>> [apiv2][query] GET https://firebase.googleapis.com/v1beta1/projects/frontendprueba0912 [none]
[debug] [2023-06-09T16:37:41.662Z] <<< [apiv2][status] GET https://firebase.googleapis.com/v1beta1/projects/frontendprueba0912 401
[debug] [2023-06-09T16:37:41.662Z] <<< [apiv2][body] GET https://firebase.googleapis.com/v1beta1/projects/frontendprueba0912 {"error":{"code":401,"message":"Request had invalid authentication credentials. Expected OAuth 2 access token, login cookie or other valid authentication credential. See https://developers.google.com/identity/sign-in/web/devconsole-project.","status":"UNAUTHENTICATED"}}
[debug] [2023-06-09T16:37:41.663Z] HTTP Error: 401, Request had invalid authentication credentials. Expected OAuth 2 access token, login cookie or other valid authentication credential. See https://developers.google.com/identity/sign-in/web/devconsole-project.
[debug] [2023-06-09T16:37:41.664Z] FirebaseError: HTTP Error: 401, Request had invalid authentication credentials. Expected OAuth 2 access token, login cookie or other valid authentication credential. See https://developers.google.com/identity/sign-in/web/devconsole-project.
    at responseToError (C:\Users\pepa_\AppData\Roaming\npm\node_modules\firebase-tools\lib\responseToError.js:49:12)
    at RetryOperation._fn (C:\Users\pepa_\AppData\Roaming\npm\node_modules\firebase-tools\lib\apiv2.js:288:77)
    at processTicksAndRejections (node:internal/process/task_queues:96:5)
[error] 
[error] Error: Failed to get Firebase project frontendprueba0912. Please make sure the project exists and your account has permission to access it.
